TN:
SF:/home/noe/Documents/PPEX-1/minimake/src/destroy.c
FN:6,destroy_dependencies
FNDA:70,destroy_dependencies
FN:21,destroy_rules
FNDA:23,destroy_rules
FN:45,destroy_variables
FNDA:23,destroy_variables
FN:66,destroy_minimake
FNDA:23,destroy_minimake
DA:6,70
DA:8,70
DA:9,31
DA:11,39
DA:12,97
DA:14,58
DA:15,58
DA:16,58
DA:17,58
DA:21,23
DA:23,23
DA:24,1
DA:26,22
DA:27,57
DA:29,35
DA:30,35
DA:31,35
DA:33,35
DA:34,35
DA:35,35
DA:36,35
DA:37,35
DA:38,35
DA:40,35
DA:41,35
DA:45,23
DA:47,23
DA:48,17
DA:50,6
DA:51,16
DA:53,10
DA:54,10
DA:55,10
DA:57,10
DA:58,10
DA:59,10
DA:61,10
DA:62,10
DA:66,23
DA:68,23
DA:69,0
DA:71,23
DA:72,23
DA:73,23
DA:75,23
DA:76,23
DA:77,23
DA:79,23
DA:80,23
DA:81,23
DA:83,23
end_of_record
TN:
SF:/home/noe/Documents/PPEX-1/minimake/src/expansion.c
FN:18,find_in_var
FNDA:12,find_in_var
FN:47,get_var_name
FNDA:7,get_var_name
FN:74,expand_immediate
FNDA:95,expand_immediate
FN:150,get_var_name_recipe
FNDA:8,get_var_name_recipe
FN:175,expand_recipe
FNDA:21,expand_recipe
FN:308,expand
FNDA:0,expand
DA:18,12
DA:20,12
DA:21,0
DA:24,12
DA:25,15
DA:27,13
DA:30,13
DA:32,10
DA:34,3
DA:38,2
DA:40,0
DA:44,2
DA:47,7
DA:49,7
DA:50,7
DA:52,7
DA:55,7
DA:56,7
DA:57,1
DA:59,6
DA:60,6
DA:61,6
DA:62,6
DA:63,0
DA:65,6
DA:66,6
DA:68,6
DA:71,0
DA:74,95
DA:76,95
DA:77,0
DA:79,95
DA:80,95
DA:81,95
DA:82,95
DA:85,534
DA:87,440
DA:90,7
DA:92,0
DA:93,0
DA:94,0
DA:97,7
DA:99,7
DA:100,7
DA:102,7
DA:105,6
DA:108,6
DA:111,6
DA:113,6
DA:114,6
DA:115,6
DA:119,6
DA:120,6
DA:125,1
DA:126,1
DA:132,0
DA:133,0
DA:134,0
DA:140,433
DA:141,433
DA:142,433
DA:146,94
DA:147,94
DA:150,8
DA:152,8
DA:153,8
DA:154,8
DA:155,8
DA:158,8
DA:159,8
DA:160,1
DA:163,7
DA:164,7
DA:165,7
DA:166,7
DA:167,0
DA:169,7
DA:170,7
DA:172,7
DA:175,21
DA:177,21
DA:178,0
DA:181,21
DA:182,9
DA:184,12
DA:185,12
DA:186,12
DA:187,12
DA:189,215
DA:192,205
DA:194,192
DA:195,192
DA:196,192
DA:199,13
DA:201,2
DA:202,2
DA:203,2
DA:208,11
DA:210,1
DA:211,1
DA:212,1
DA:215,10
DA:217,1
DA:219,1
DA:220,1
DA:221,1
DA:223,1
DA:226,9
DA:228,1
DA:229,3
DA:232,2
DA:234,1
DA:235,1
DA:237,2
DA:238,2
DA:239,2
DA:240,2
DA:242,1
DA:245,8
DA:246,6
DA:247,8
DA:248,8
DA:250,8
DA:253,7
DA:256,6
DA:259,6
DA:262,6
DA:264,6
DA:265,6
DA:269,6
DA:270,6
DA:271,6
DA:272,6
DA:277,1
DA:278,1
DA:281,0
DA:283,0
DA:284,0
DA:285,0
DA:287,0
DA:289,0
DA:290,0
DA:291,0
DA:293,0
DA:297,0
DA:298,0
DA:299,0
DA:304,10
DA:305,10
DA:308,0
DA:310,0
DA:311,0
DA:313,0
DA:315,0
end_of_record
TN:
SF:/home/noe/Documents/PPEX-1/minimake/src/executor.c
FN:28,exec_recipe
FNDA:21,exec_recipe
FN:76,find_rule
FNDA:31,find_rule
FN:94,get_file_time
FNDA:31,get_file_time
FN:104,is_target_processed
FNDA:34,is_target_processed
FN:117,build_target
FNDA:34,build_target
FN:224,executor
FNDA:24,executor
DA:28,21
DA:31,21
DA:33,19
DA:34,0
DA:37,19
DA:38,19
DA:39,6
DA:41,13
DA:44,19
DA:47,19
DA:48,19
DA:50,0
DA:51,0
DA:54,19
DA:56,0
DA:57,0
DA:58,0
DA:62,19
DA:63,19
DA:64,19
DA:67,19
DA:69,0
DA:70,0
DA:73,19
DA:76,31
DA:78,31
DA:81,42
DA:83,37
DA:84,37
DA:86,26
DA:88,11
DA:91,5
DA:94,31
DA:96,31
DA:97,31
DA:99,8
DA:101,23
DA:104,34
DA:106,34
DA:107,37
DA:109,6
DA:110,3
DA:111,3
DA:114,31
DA:117,34
DA:120,34
DA:122,3
DA:126,31
DA:127,31
DA:130,5
DA:132,2
DA:135,3
DA:136,3
DA:140,26
DA:141,26
DA:144,32
DA:147,8
DA:150,8
DA:151,2
DA:154,6
DA:155,0
DA:157,6
DA:161,24
DA:164,24
DA:167,24
DA:169,20
DA:172,4
DA:174,0
DA:179,4
DA:180,6
DA:182,2
DA:184,2
DA:186,0
DA:187,0
DA:190,2
DA:195,24
DA:198,6
DA:199,6
DA:203,18
DA:205,3
DA:206,3
DA:207,3
DA:211,15
DA:212,34
DA:215,21
DA:216,0
DA:217,19
DA:220,13
DA:221,13
DA:224,24
DA:226,24
DA:227,0
DA:229,24
DA:232,55
DA:234,31
DA:236,19
DA:238,12
DA:240,0
DA:245,12
DA:250,24
DA:252,15
DA:253,1
DA:255,14
DA:256,14
DA:260,44
DA:262,26
DA:263,3
DA:266,18
end_of_record
TN:
SF:/home/noe/Documents/PPEX-1/minimake/src/parser.c
FN:14,remove_mid_space
FNDA:32,remove_mid_space
FN:51,trim_str
FNDA:52,trim_str
FN:82,trim_str_end
FNDA:37,trim_str_end
FN:108,process_rule
FNDA:37,process_rule
FN:156,process_variable
FNDA:15,process_variable
FN:183,recipe
FNDA:38,recipe
FN:201,rule
FNDA:37,rule
FN:220,variable
FNDA:15,variable
FN:237,read_file
FNDA:27,read_file
DA:14,32
DA:16,32
DA:17,32
DA:18,32
DA:19,0
DA:20,32
DA:21,32
DA:22,32
DA:23,32
DA:25,243
DA:28,211
DA:30,8
DA:32,8
DA:33,8
DA:34,8
DA:40,203
DA:41,203
DA:42,203
DA:44,211
DA:47,32
DA:48,32
DA:51,52
DA:54,52
DA:55,52
DA:56,20
DA:59,32
DA:60,46
DA:61,14
DA:62,32
DA:65,32
DA:66,51
DA:67,19
DA:70,32
DA:72,18
DA:73,18
DA:77,32
DA:78,32
DA:79,32
DA:82,37
DA:85,37
DA:86,37
DA:87,0
DA:90,37
DA:91,45
DA:92,8
DA:93,37
DA:96,37
DA:97,85
DA:98,48
DA:101,37
DA:103,37
DA:104,37
DA:108,37
DA:111,37
DA:114,37
DA:115,37
DA:116,37
DA:119,37
DA:120,37
DA:121,2
DA:122,37
DA:125,37
DA:128,37
DA:129,37
DA:130,61
DA:133,24
DA:134,24
DA:135,0
DA:138,24
DA:139,47
DA:141,23
DA:142,0
DA:144,23
DA:145,23
DA:147,0
DA:148,0
DA:150,23
DA:152,24
DA:154,37
DA:156,15
DA:159,15
DA:162,15
DA:163,15
DA:164,15
DA:167,15
DA:170,15
DA:171,15
DA:172,3
DA:174,15
DA:175,33
DA:176,18
DA:179,15
DA:180,15
DA:181,15
DA:183,38
DA:185,38
DA:187,1
DA:188,1
DA:192,37
DA:195,37
DA:198,37
DA:199,37
DA:201,37
DA:204,37
DA:205,37
DA:207,0
DA:208,0
DA:210,37
DA:211,37
DA:214,37
DA:215,37
DA:217,37
DA:220,15
DA:223,15
DA:224,15
DA:226,0
DA:227,0
DA:231,15
DA:232,15
DA:234,15
DA:237,27
DA:240,27
DA:241,27
DA:243,0
DA:244,0
DA:247,27
DA:248,27
DA:249,27
DA:251,27
DA:252,27
DA:254,0
DA:255,0
DA:256,0
DA:259,27
DA:260,27
DA:261,27
DA:264,139
DA:266,113
DA:268,23
DA:271,90
DA:273,38
DA:276,52
DA:278,37
DA:281,15
DA:283,15
DA:288,26
DA:289,26
DA:290,26
end_of_record
TN:
SF:/home/noe/Documents/PPEX-1/minimake/src/dlist/dlist_3.c
FN:10,aux
FNDA:0,aux
FN:25,dlist_reverse
FNDA:0,dlist_reverse
FN:36,index_null
FNDA:0,index_null
FN:49,aux_2
FNDA:0,aux_2
FN:76,dlist_split_at
FNDA:0,dlist_split_at
FN:105,dlist_concat
FNDA:0,dlist_concat
DA:10,0
DA:12,0
DA:13,0
DA:15,0
DA:16,0
DA:17,0
DA:19,0
DA:20,0
DA:22,0
DA:25,0
DA:27,0
DA:28,0
DA:30,0
DA:31,0
DA:32,0
DA:33,0
DA:36,0
DA:38,0
DA:40,0
DA:41,0
DA:42,0
DA:43,0
DA:44,0
DA:45,0
DA:46,0
DA:49,0
DA:51,0
DA:53,0
DA:54,0
DA:55,0
DA:56,0
DA:57,0
DA:58,0
DA:59,0
DA:60,0
DA:62,0
DA:63,0
DA:65,0
DA:66,0
DA:67,0
DA:68,0
DA:70,0
DA:71,0
DA:73,0
DA:76,0
DA:78,0
DA:79,0
DA:81,0
DA:83,0
DA:84,0
DA:86,0
DA:88,0
DA:91,0
DA:92,0
DA:93,0
DA:95,0
DA:97,0
DA:99,0
DA:100,0
DA:102,0
DA:105,0
DA:107,0
DA:108,0
DA:110,0
DA:112,0
DA:113,0
DA:114,0
DA:116,0
DA:118,0
DA:119,0
DA:120,0
DA:122,0
DA:124,0
DA:125,0
DA:126,0
DA:127,0
DA:128,0
DA:129,0
DA:132,0
DA:133,0
DA:134,0
end_of_record
TN:
SF:/home/noe/Documents/PPEX-1/minimake/src/dlist/dlist_1.c
FN:10,dlist_init
FNDA:178,dlist_init
FN:22,dlist_push_front
FNDA:0,dlist_push_front
FN:41,dlist_print
FNDA:0,dlist_print
FN:55,dlist_push_back
FNDA:160,dlist_push_back
FN:75,dlist_size
FNDA:0,dlist_size
DA:10,178
DA:12,178
DA:13,178
DA:14,0
DA:16,178
DA:17,178
DA:18,178
DA:19,178
DA:22,0
DA:24,0
DA:25,0
DA:26,0
DA:28,0
DA:29,0
DA:30,0
DA:31,0
DA:32,0
DA:33,0
DA:34,0
DA:35,0
DA:36,0
DA:38,0
DA:41,0
DA:43,0
DA:44,0
DA:46,0
DA:47,0
DA:49,0
DA:50,0
DA:51,0
DA:55,160
DA:57,160
DA:58,160
DA:59,0
DA:61,160
DA:62,160
DA:63,160
DA:65,160
DA:66,45
DA:67,160
DA:68,160
DA:69,115
DA:70,160
DA:72,160
DA:75,0
DA:77,0
end_of_record
TN:
SF:/home/noe/Documents/PPEX-1/minimake/src/dlist/dlist_2.c
FN:10,dlist_get
FNDA:0,dlist_get
FN:28,dlist_insert_at
FNDA:0,dlist_insert_at
FN:64,dlist_find
FNDA:0,dlist_find
FN:82,aux
FNDA:0,aux
FN:101,aux_2
FNDA:0,aux_2
FN:119,dlist_remove_at
FNDA:0,dlist_remove_at
FN:161,dlist_clear
FNDA:23,dlist_clear
DA:10,0
DA:12,0
DA:13,0
DA:15,0
DA:16,0
DA:17,0
DA:19,0
DA:20,0
DA:21,0
DA:22,0
DA:25,0
DA:28,0
DA:30,0
DA:31,0
DA:32,0
DA:33,0
DA:34,0
DA:35,0
DA:37,0
DA:38,0
DA:39,0
DA:41,0
DA:42,0
DA:43,0
DA:44,0
DA:46,0
DA:48,0
DA:49,0
DA:50,0
DA:51,0
DA:52,0
DA:53,0
DA:54,0
DA:55,0
DA:57,0
DA:58,0
DA:61,0
DA:64,0
DA:66,0
DA:67,0
DA:69,0
DA:70,0
DA:71,0
DA:73,0
DA:74,0
DA:75,0
DA:76,0
DA:79,0
DA:82,0
DA:84,0
DA:85,0
DA:86,0
DA:87,0
DA:88,0
DA:89,0
DA:90,0
DA:91,0
DA:92,0
DA:95,0
DA:96,0
DA:98,0
DA:101,0
DA:103,0
DA:104,0
DA:105,0
DA:106,0
DA:107,0
DA:108,0
DA:109,0
DA:110,0
DA:111,0
DA:113,0
DA:114,0
DA:116,0
DA:119,0
DA:121,0
DA:122,0
DA:124,0
DA:125,0
DA:127,0
DA:129,0
DA:131,0
DA:134,0
DA:135,0
DA:136,0
DA:138,0
DA:140,0
DA:141,0
DA:142,0
DA:143,0
DA:144,0
DA:145,0
DA:146,0
DA:147,0
DA:148,0
DA:150,0
DA:151,0
DA:153,0
DA:155,0
DA:156,0
DA:158,0
DA:161,23
DA:163,23
DA:164,5
DA:166,18
DA:167,40
DA:169,22
DA:170,22
DA:171,22
DA:174,18
DA:175,18
DA:176,18
end_of_record
TN:
SF:/home/noe/Documents/PPEX-1/minimake/src/minimake.c
FN:15,print_output
FNDA:1,print_output
FN:69,set_path
FNDA:7,set_path
FN:82,main
FNDA:30,main
DA:15,1
DA:17,1
DA:18,0
DA:21,1
DA:22,1
DA:23,5
DA:25,4
DA:26,4
DA:27,4
DA:31,1
DA:32,1
DA:33,9
DA:36,8
DA:37,8
DA:40,8
DA:42,8
DA:43,22
DA:45,14
DA:46,14
DA:47,14
DA:51,8
DA:54,8
DA:56,8
DA:57,18
DA:59,10
DA:60,10
DA:61,10
DA:65,8
DA:69,7
DA:72,7
DA:73,5
DA:75,2
DA:76,0
DA:79,2
DA:82,30
DA:84,30
DA:85,30
DA:86,30
DA:89,68
DA:91,39
DA:92,1
DA:94,38
DA:96,22
DA:98,0
DA:102,22
DA:103,22
DA:105,16
DA:107,1
DA:109,15
DA:111,1
DA:116,29
DA:117,7
DA:120,27
DA:121,26
DA:122,0
DA:124,26
DA:127,26
DA:129,1
DA:130,1
DA:131,1
DA:135,25
DA:136,1
DA:141,24
DA:143,3
DA:144,3
DA:149,19
DA:150,19
end_of_record
